EMPLOYEES.eid  
1	
16	
30	
61	
65	
69	
78	
86	
108	
110	
116	
151	
153	
169	
177	
178	
192	
202	
212	
241	
272	
283	
296	
303	
304	
313	
325	
327	
344	
350	
351	
358	
368	
370	
375	
383	
408	
414	
417	
435	
456	
480	
481	
496	
510	
512	
545	
586	
591	
593	
643	
645	
652	
670	
674	
675	
693	
695	
698	
732	
733	
739	
750	
752	
767	
772	
793	
796	
798	
803	
807	
811	
818	
846	
860	
863	
875	
883	
893	
898	
927	
930	
939	
948	
959	
982	
991	
993	
999	
1002	
1009	
1019	
1040	
1048	
1074	
1090	
1119	
1124	
1127	
1139	
1161	
1181	
1186	
1246	
1248	
1260	
1261	
1280	
1288	
1300	
1314	
1340	
1360	
1365	
1368	
1369	
1372	
1392	
1403	
1409	
1416	
1418	
1426	
1448	
1457	
1468	
1474	
1480	
1484	
1493	
1502	
1514	
1517	
1528	
1530	
1549	
1559	
1567	
1606	
1607	
1610	
1627	
1636	
1638	
1648	
1655	
1667	
1678	
1679	
1681	
1682	
1683	
1729	
1737	
1738	
1742	
1749	
1753	
1756	
1767	
1774	
1789	
1794	
1808	
1822	
1838	
1848	
1862	
1866	
1874	
1893	
1894	
1904	
1937	
1939	
1944	
1952	
1958	
1988	
1989	
2016	
2023	
2032	
2039	
2061	
2063	
2065	
2077	
2089	
2102	
2109	
2114	
2139	
2156	
2159	
2162	
2185	
2193	
2195	
2204	
2216	
2221	
2231	
2243	
2257	
2262	
2272	
2324	
2330	
2333	
2334	
2346	
2351	
2365	
2369	
2373	
2391	
2401	
2406	
2415	
2417	
2418	
2429	
2441	
2443	
2463	
2490	
2493	
2500	
2525	
2538	
2550	
2561	
2565	
2574	
2588	
2598	
2609	
2610	
2623	
2624	
2625	
2626	
2638	
2645	
2653	
2655	
2657	
2661	
2672	
2678	
2692	
2707	
2731	
2762	
2767	
2771	
2784	
2787	
2805	
2813	
2823	
2825	
2842	
2848	
2867	
2882	
2900	
2902	
2915	
2926	
2927	
2928	
2933	
2948	
2956	
2964	
2965	
2987	
2990	
2997	
3001	
3012	
3024	
3037	
3041	
3053	
3060	
3081	
3101	
3123	
3130	
3143	
3147	
3155	
3176	
3188	
3224	
3234	
3239	
3244	
3245	
3247	
3272	
3311	
3312	
3330	
3333	
3348	
3355	
3363	
3366	
3368	
3391	
3401	
3405	
3408	
3418	
3427	
3438	
3442	
3460	
3462	
3472	
3484	
3486	
3487	
3493	
3496	
3500	
3501	
3503	
3517	
3518	
3524	
3539	
3555	
3556	
3580	
3583	
3584	
3586	
3623	
3624	
3626	
3627	
3634	
3673	
3684	
3686	
3688	
3693	
3709	
3732	
3756	
3773	
3795	
3799	
3803	
3814	
3821	
3826	
3832	
3851	
3853	
3884	
3887	
3904	
3908	
3917	
3923	
3924	
3926	
3953	
3960	
4024	
4029	
4043	
4054	
4096	
4103	
4111	
4124	
4125	
4128	
4153	
4159	
4171	
4185	
4203	
4206	
4210	
4214	
4223	
4226	
4239	
4248	
4310	
4311	
4315	
4320	
4321	
4335	
4343	
4372	
4385	
4408	
4409	
4412	
4437	
4455	
4472	
4473	
4493	
4496	
4505	
4512	
4540	
4583	
4597	
4599	
4603	
4605	
4607	
4608	
4609	
4617	
4626	
4641	
4644	
4656	
4671	
4673	
4675	
4697	
4702	
4714	
4716	
4720	
4726	
4747	
4768	
4771	
4774	
4785	
4788	
4793	
4814	
4822	
4843	
4851	
4856	
4860	
4864	
4866	
4876	
4892	
4898	
4928	
4940	
4962	
4967	
4975	
4993	
5044	
5045	
5048	
5053	
5061	
5075	
5081	
5088	
5090	
5094	
5130	
5131	
5135	
5165	
5166	
5176	
5187	
5192	
5210	
5218	
5244	
5252	
5257	
5283	
5292	
5304	
5336	
5337	
5343	
5344	
5359	
5416	
5418	
5422	
5425	
5428	
5436	
5438	
5439	
5475	
5496	
5498	
5513	
5521	
5539	
5572	
5589	
5606	
5625	
5629	
5663	
5664	
5668	
5675	
5686	
5692	
5706	
5714	
5727	
5738	
5745	
5752	
5759	
5772	
5786	
5789	
5804	
5838	
5844	
5861	
5880	
5881	
5891	
5892	
5899	
5913	
5924	
5932	
5935	
5954	
5992	
5998	
5999	
6003	
6014	
6022	
6035	
6038	
6046	
6061	
6097	
6145	
6147	
6149	
6160	
6164	
6168	
6180	
6210	
6216	
6238	
6249	
6254	
6259	
6289	
6295	
6298	
6330	
6339	
6345	
6351	
6361	
6362	
6384	
6385	
6410	
6425	
6455	
6458	
6462	
6472	
6495	
6504	
6505	
6533	
6545	
6564	
6578	
6597	
6609	
6637	
6686	
6693	
6695	
6719	
6727	
6742	
6744	
6764	
6771	
6778	
6782	
6787	
6788	
6825	
6830	
6847	
6854	
6867	
6869	
6881	
6916	
6938	
6972	
6985	
6992	
6996	
6997	
7004	
7005	
7019	
7036	
7037	
7043	
7055	
7061	
7064	
7083	
7097	
7101	
7110	
7112	
7116	
7133	
7135	
7140	
7146	
7147	
7151	
7155	
7164	
7210	
7226	
7237	
7271	
7291	
7296	
7297	
7369	
7378	
7381	
7389	
7390	
7397	
7402	
7404	
7417	
7428	
7430	
7431	
7464	
7468	
7475	
7488	
7508	
7529	
7537	
7545	
7560	
7577	
7578	
7584	
7585	
7586	
7607	
7642	
7648	
7663	
7685	
7694	
7708	
7714	
7724	
7736	
7748	
7749	
7752	
7756	
7766	
7773	
7779	
7788	
7830	
7845	
7850	
7854	
7871	
7879	
7882	
7892	
7909	
7916	
7923	
7931	
7938	
7963	
7986	
7987	
7988	
8002	
8006	
8044	
8054	
8066	
8072	
8079	
8093	
8107	
8117	
8125	
8130	
8147	
8154	
8180	
8193	
8210	
8242	
8252	
8260	
8265	
8270	
8281	
8286	
8292	
8303	
8314	
8316	
8324	
8330	
8345	
8349	
8366	
8380	
8384	
8410	
8411	
8418	
8424	
8426	
8434	
8437	
8438	
8439	
8441	
8442	
8453	
8454	
8479	
8483	
8485	
8486	
8490	
8536	
8554	
8573	
8575	
8577	
8594	
8627	
8633	
8644	
8648	
8653	
8665	
8668	
8672	
8675	
8678	
8685	
8704	
8711	
8729	
8746	
8774	
8777	
8785	
8799	
8801	
8829	
8854	
8873	
8875	
8895	
8896	
8932	
8947	
8961	
8966	
8975	
8982	
8992	
8999	
9016	
9035	
9037	
9042	
9047	
9055	
9063	
9076	
9091	
9093	
9106	
9107	
9113	
9121	
9127	
9148	
9160	
9165	
9168	
9171	
9187	
9234	
9245	
9260	
9280	
9283	
9285	
9288	
9290	
9296	
9306	
9318	
9341	
9367	
9377	
9378	
9396	
9411	
9421	
9437	
9450	
9451	
9453	
9456	
9457	
9459	
9461	
9464	
9493	
9515	
9532	
9542	
9556	
9557	
9560	
9574	
9592	
9606	
9609	
9611	
9613	
9617	
9626	
9648	
9674	
9676	
9688	
9718	
9723	
9730	
9772	
9783	
9795	
9806	
9819	
9821	
9826	
9836	
9841	
9854	
9855	
9871	
9905	
9930	
9933	
9960	
9980	
9988	
9998	
10003	
10026	
10034	
10035	
10037	
10046	
10051	
10102	
10105	
10108	
10124	
10127	
10166	
10197	
10222	
10239	
10254	
10259	
10276	
10298	
10299	
10303	
10309	
10322	
10332	
10343	
10351	
10375	
10396	
10397	
10405	
10408	
10441	
10453	
10454	
10466	
10470	
10491	
10504	
10517	
10519	
10528	
10532	
10541	
10545	
10572	
10579	
10580	
10583	
10600	
10608	
10610	
10612	
10614	
10617	
10628	
10633	
10638	
10674	
10675	
10696	
10712	
10716	
10726	
10728	
10737	
10748	
10756	
10766	
10772	
10792	
10799	
10804	
10826	
10885	
10905	
10928	
10953	
10961	
10967	
10981	
11006	
11007	
11014	
11017	
11025	
11030	
11035	
11039	
11055	
11056	
11057	
11069	
11072	
11081	
11082	
11087	
11108	
11114	
11160	
11190	
11193	
11222	
11225	
11229	
11234	
11237	
11288	
11363	
11367	
11372	
11388	
11392	
11423	
11430	
11436	
11437	
11446	
11468	
11486	
11487	
11489	
11506	
11527	
11530	
11549	
11589	
11604	
11609	
11619	
11636	
11644	
11659	
11663	
11688	
11690	
11703	
11716	
11729	
11748	
11777	
11780	
11783	
11801	
11806	
11813	
11826	
11832	
11848	
11851	
11878	
11898	
11905	
11911	
11914	
11921	
11922	
11923	
11945	
11946	
11949	
11950	
11958	
11964	
11983	
11987	
11997	
12006	
12022	
12028	
12029	
12034	
12036	
12038	
12039	
12044	
12057	
12066	
12068	
12071	
12090	
12099	
12103	
12112	
12123	
12126	
12129	
12138	
12142	
12145	
12168	
12177	
12197	
12200	
12218	
12219	
12236	
12245	
12250	
12271	
12273	
12289	
12297	
12307	
12315	
12324	
12338	
12343	
12368	
12370	
12378	
12384	
12385	
12395	
12398	
12421	
12424	
12437	
12443	
12449	
12450	
12460	
12462	
12472	
12474	
12475	
12501	
12545	
12574	
12577	
12581	
12596	
12614	
12615	
12633	
12634	
12647	
12655	
12661	
12667	
12671	
12682	
12694	
12699	
12707	
12720	
12722	
12740	
12751	
12752	
12776	
12784	
12791	
12806	
12820	
12825	
12867	
12878	
12887	
12893	
12907	
12927	
12933	
12958	
12962	
12969	
12989	
12996	
13003	
13006	
13031	
13032	
13042	
13048	
13074	
13102	
13107	
13108	
13109	
13126	
13129	
13140	
13147	
13192	
13193	
13201	
13207	
13216	
13222	
13249	
13256	
13258	
13259	
13266	
13270	
13273	
13288	
13289	
13290	
13291	
13303	
13306	
13319	
13322	
13330	
13334	
13339	
13342	
13353	
13357	
13361	
13362	
13364	
13377	
13382	
13383	
13384	
13407	
13417	
13428	
13445	
13453	
13458	
13459	
13478	
13482	
13487	
13491	
13509	
13516	
13518	
13553	
13556	
13557	
13564	
13566	
13581	
13588	
13601	
13603	
13607	
13608	
13645	
13647	
13651	
13661	
13662	
13702	
13741	
13756	
13774	
13788	
13793	
13796	
13816	
13824	
13837	
13838	
13865	
13868	
13878	
13884	
13894	
13895	
13901	
13906	
13927	
13948	
13963	
13971	
13972	
13989	
14018	
14026	
14041	
14045	
14067	
14074	
14084	
14090	
14094	
14107	
14120	
14134	
14137	
14163	
14196	
14215	
14230	
14233	
14249	
14250	
14270	
14281	
14283	
14288	
14306	
14310	
14319	
14320	
14329	
14344	
14355	
14365	
14374	
14376	
14387	
14401	
14428	
14448	
14449	
14454	
14458	
14469	
14483	
14486	
14487	
14516	
14525	
14533	
14535	
14537	
14555	
14562	
14571	
14583	
14590	
14606	
14618	
14619	
14636	
14692	
14694	
14696	
14715	
14727	
14732	
14742	
14743	
14745	
14800	
14813	
14818	
14821	
14835	
14841	
14842	
14844	
14853	
14854	
14863	
14869	
14871	
14888	
14889	
14892	
14920	
14929	
14937	
14950	
14955	
14962	
14989	
15017	
15024	
15034	
15040	
15052	
15053	
15072	
15078	
15102	
15115	
15117	
15141	
15146	
15151	
15163	
15164	
15173	
15182	
15189	
15192	
15204	
15249	
15250	
15258	
15278	
15288	
15297	
15298	
15302	
15316	
15320	
15340	
15345	
15346	
15349	
15370	
15383	
15404	
15413	
15424	
15433	
15436	
15446	
15450	
15458	
15469	
15492	
15502	
15513	
15514	
15545	
15578	
15579	
15596	
15604	
15610	
15626	
15638	
15640	
15642	
15645	
15646	
15656	
15667	
15669	
15684	
15688	
15693	
15696	
15702	
15707	
15723	
15739	
15751	
15757	
15800	
15806	
15808	
15810	
15823	
15828	
15838	
15868	
15869	
15891	
15899	
15939	
15947	
15975	
15992	
15998	
15999	
16009	
16037	
16069	
16070	
16074	
16094	
16099	
16115	
16132	
16135	
16139	
16151	
16153	
16154	
16168	
16171	
16175	
16181	
16184	
16195	
16198	
16212	
16224	
16231	
16246	
16259	
16260	
16268	
16272	
16273	
16296	
16302	
16304	
16305	
16312	
16320	
16323	
16351	
16398	
16415	
16417	
16420	
16428	
16429	
16440	
16473	
16489	
16491	
16502	
16526	
16527	
16533	
16572	
16576	
16608	
16615	
16618	
16629	
16631	
16636	
16640	
16650	
16656	
16674	
16681	
16693	
16696	
16698	
16711	
16719	
16733	
16739	
16746	
16772	
16776	
16804	
16833	
16847	
16861	
16864	
16873	
16880	
16887	
16888	
16933	
16936	
16947	
16972	
16994	
16996	
16997	
16998	
17015	
17021	
17031	
17038	
17047	
17049	
17053	
17056	
17078	
17082	
17087	
17090	
17121	
17122	
17126	
17162	
17165	
17166	
17169	
17178	
17200	
17210	
17215	
17224	
17237	
17239	
17246	
17261	
17267	
17269	
17288	
17315	
17316	
17321	
17367	
17369	
17375	
17384	
17405	
17416	
17434	
17444	
17465	
17467	
17477	
17485	
17491	
17502	
17505	
17509	
17512	
17535	
17548	
17560	
17570	
17571	
17586	
17587	
17594	
17642	
17647	
17656	
17677	
17682	
17686	
17710	
17715	
17716	
17720	
17734	
17748	
17760	
17765	
17767	
17802	
17806	
17807	
17816	
17843	
17846	
17849	
17857	
17858	
17897	
17898	
17905	
17908	
17920	
17938	
17940	
17947	
17953	
17969	
17971	
17974	
17975	
18016	
18039	
18074	
18094	
18117	
18131	
18136	
18141	
18161	
18191	
18225	
18261	
18275	
18277	
18281	
18290	
18292	
18320	
18337	
18341	
18351	
18362	
18378	
18383	
18387	
18410	
18421	
18437	
18443	
18453	
18454	
18466	
18475	
18480	
18483	
18484	
18514	
18515	
18524	
18525	
18551	
18560	
18593	
18596	
18597	
18598	
18600	
18617	
18632	
18640	
18644	
18664	
18666	
18668	
18695	
18706	
18709	
18717	
18754	
18768	
18778	
18795	
18814	
18816	
18840	
18847	
18895	
18897	
18906	
18927	
18928	
18948	
18965	
18996	
19002	
19067	
19069	
19083	
19091	
19114	
19115	
19119	
19121	
19128	
19134	
19161	
19172	
19190	
19203	
19216	
19229	
19234	
19246	
19265	
19271	
19272	
19289	
19290	
19292	
19293	
19306	
19332	
19350	
19356	
19380	
19392	
19403	
19424	
19428	
19441	
19450	
19472	
19478	
19530	
19531	
19534	
19540	
19550	
19551	
19555	
19556	
19572	
19590	
19614	
19644	
19682	
19684	
19686	
19688	
19698	
19707	
19719	
19730	
19731	
19734	
19751	
19754	
19758	
19768	
19770	
19799	
19802	
19808	
19835	
19836	
19847	
19864	
19873	
19876	
19878	
19890	
19908	
19909	
19921	
19930	
19948	
19969	
19975	
19980	
19984	
19998	
