EMPLOYEES.eid  EMPLOYEES.ename  EMPLOYEES.salary  CERTIFIED.eid  CERTIFIED.aid  
6164	kokwpiklhkgwtdfciiut	12721	6164	10396	
13407	ivjwaqqcbbeudofdwwiw	14617	13407	18708	
19405	lcgovaauxbjtcgubwqvd	4969	19405	2953	
370	qvodwyuiwtalpxhzeefc	8395	370	17757	
11688	sqyiucntxdaznyuqlnrv	22019	11688	2887	
6164	kokwpiklhkgwtdfciiut	12721	6164	8484	
9737	nibsfexcbuhvkjiufjwx	2695	9737	17030	
370	qvodwyuiwtalpxhzeefc	8395	370	16666	
11688	sqyiucntxdaznyuqlnrv	22019	11688	3870	
18840	iioehohccovvmbxdbrdg	3368	18840	12345	
7291	dnlljtgoybpotvhrehpe	1843	7291	16006	
11878	uutollugfrbrmbdicfyu	19774	11878	15968	
11114	ajoxvsugytzfjeoslwdb	24018	11114	1691	
18840	iioehohccovvmbxdbrdg	3368	18840	18316	
3518	dqdegscnvvquapohwugt	19500	3518	5256	
14692	htoybclhsudgooxqsbgo	10503	14692	6126	
7291	dnlljtgoybpotvhrehpe	1843	7291	11144	
7642	nojsrkyoediqtdrotozx	2435	7642	1930	
11688	sqyiucntxdaznyuqlnrv	22019	11688	8739	
3454	bbwqcdsmkzbqiwwihcve	10500	3454	4240	
14692	htoybclhsudgooxqsbgo	10503	14692	19261	
3500	aoorpjfzrruswidgtcob	4720	3500	10077	
11114	ajoxvsugytzfjeoslwdb	24018	11114	19758	
18840	iioehohccovvmbxdbrdg	3368	18840	3779	
12277	bghrovzttgpxsuumuzfq	6152	12277	6666	
15135	ndkixvylnpvaeaaguqbf	3813	15135	7483	
6695	prsikkptdebwdxuzssvb	12969	6695	19297	
1567	rbigrzzaccjaunkcxajo	6227	1567	12116	
7986	bcpalaavoukvtuopivqw	277	7986	9353	
19322	dkibovrshjclqspulgsg	12069	19322	1394	
8575	mfnezkwuzogdaqqbsljq	909	8575	11435	
10967	etoeftbufmzxlgpfymvu	6720	10967	8802	
12940	jmolnxgxnjlkjogwuadk	3933	12940	863	
9623	zcnxgdfmafhiglrhjqcl	4755	9623	10552	
5156	mnekurjcaisvkhbabspw	22429	5156	18520	
15351	mherzehjtfiouypyttvt	24255	15351	8048	
1567	rbigrzzaccjaunkcxajo	6227	1567	15102	
5496	xoatnqaqperdbukqkimq	16818	5496	5244	
2565	fxsurbgqmmfgvuthwdov	4138	2565	12652	
6048	qaaafjoymuyfdxrwbhax	2217	6048	12494	
6950	fzyiiotwgtnhwslpxmtj	4386	6950	16230	
15296	caeqwffpmlfcpflztxun	22408	15296	7494	
1229	ipzjcsxuteawncspujln	4065	1229	14082	
17079	kbrrdpgnfggsdceskrna	5776	17079	11928	
12475	feaofdmsxzvtyrlyzudp	15073	12475	5284	
17576	aojnyjmrgfbfqjtdmxri	2037	17576	3698	
8445	zzxmfzxvjnfuvnxmfwbq	8157	8445	4144	
17735	vhxniqdpzaybwzxdyfwl	6694	17735	7838	
16631	naxsxxbkbxldenwvgfvb	13355	16631	6077	
7718	conwsaxwbpbrrzimujvz	1842	7718	18943	
16	eduvrjjtaumujlivsdgm	20316	16	14728	
5840	ygvsltolbvjotnpldjxi	7922	5840	3629	
1368	svgskbjdizwrvwepoalg	4356	1368	7340	
19544	jqywdrhgxrxfnhntprcs	1972	19544	6883	
2926	ltifnohufeucmjwqeebe	8488	2926	3548	
2401	sqbmrslaatzkvhjimtlc	9734	2401	18849	
2401	sqbmrslaatzkvhjimtlc	9734	2401	19069	
6950	fzyiiotwgtnhwslpxmtj	4386	6950	5883	
16564	tektavmfncqziadurdsz	3907	16564	9622	
8554	shwgboqqpewjnuygrlcz	20284	8554	17490	
18483	lwkugsrtpyoociqhbbwf	16438	18483	9777	
9676	rbyfddwmmjbhqrslqzsq	16378	9676	16222	
1734	idmyitkcqreifegpbhca	4670	1734	14288	
15024	gmwoubqpuotehmncsvfr	10120	15024	5226	
4576	rnndoptylzciqcorfpdy	15375	4576	5628	
4607	ecwiuntvxelfuhhtrqvp	19253	4607	11958	
4512	cgrzgsxlqamntxrrhfok	15791	4512	4657	
16080	vfphsbiaojptimtpmnoa	706	16080	10999	
15707	nttkobzovdspfedcuzkw	1342	15707	12684	
11551	vfcepxrflfrvyofeopuy	20724	11551	4049	
15024	gmwoubqpuotehmncsvfr	10120	15024	11849	
17828	wgnlgfvmbulycmiardqh	17685	17828	11984	
14619	xfbgkvcyqpqgadohmzbs	2204	14619	16470	
3244	fgzkhusuhpsrubgsgugs	2231	3244	19977	
7060	erztdbiespxdawevatcu	9653	7060	414	
4860	gnndpaxzuyojxlwhdqdc	3774	4860	18438	
19574	cwpkkdxyjjgmdobowxny	19827	19574	12229	
17828	wgnlgfvmbulycmiardqh	17685	17828	2007	
18717	xdmikdkxgzvkfwhcjldo	19026	18717	7601	
8554	shwgboqqpewjnuygrlcz	20284	8554	2964	
17647	lliiwlfraatuzbztliou	3575	17647	13612	
6996	metijaskoyxhmgeuctcb	10397	6996	17165	
17647	lliiwlfraatuzbztliou	3575	17647	4433	
16315	klsqiwsbltgbzcpejiya	517	16315	18249	
6665	qanssvomodkmnqjgehyd	11504	6665	17087	
11485	ifqvswuakavgboivzwmj	123	11485	205	
3703	aggdsdfdsmsbqiwyncts	14669	3703	16731	
16421	qwuffhmsknnygqdwgupq	638	16421	18642	
7661	kqcfqixpfklktgafeyyc	18295	7661	3851	
2598	dotnrhypydwlougnugic	7435	2598	4051	
8252	yxvdvecbrtujkhklcwfb	14360	8252	1242	
9378	faxjvlqanjpbuyabpkji	6264	9378	6941	
4054	ddgcaikzgnadgjrmtpuc	17183	4054	18218	
8252	yxvdvecbrtujkhklcwfb	14360	8252	1165	
13566	pcmsmdhzjwfuhfgoytqt	20888	13566	1926	
6498	firmyloomkoplbakfvgs	10497	6498	10305	
9378	faxjvlqanjpbuyabpkji	6264	9378	10007	
14525	mjnckyusrryjfgtjagxd	9265	14525	6144	
4054	ddgcaikzgnadgjrmtpuc	17183	4054	10449	
1530	hygtbrppzapojszjarjr	5448	1530	7920	
2789	trgljkvpukaxlqspbwsl	11080	2789	17544	
9378	faxjvlqanjpbuyabpkji	6264	9378	9180	
2598	dotnrhypydwlougnugic	7435	2598	18491	
16880	cqijthtusuhbcorwvtoc	581	16880	19539	
4054	ddgcaikzgnadgjrmtpuc	17183	4054	3368	
12907	mwetiqnxqlxqnwdyhhpo	11070	12907	19493	
8252	yxvdvecbrtujkhklcwfb	14360	8252	1583	
17122	xndtqcxxydiqszviiols	21373	17122	17157	
12338	ttbreghusfyrbqavherf	11847	12338	6376	
16421	qwuffhmsknnygqdwgupq	638	16421	16087	
11485	ifqvswuakavgboivzwmj	123	11485	19089	
16545	urejztiuqyltfyprcucn	21318	16545	5514	
17122	xndtqcxxydiqszviiols	21373	17122	9078	
3539	ycsbtdqpsafgyyfqkeni	9646	3539	16073	
15298	bcsvrvzsvlxzzcrdpddo	18046	15298	11226	
6610	sfgxwwfezmtfrzwrzrep	22276	6610	5730	
3449	ywwvwgzzylxxfaprcyxa	13832	3449	13776	
4603	ssawkbwzpxvyhzvknyea	449	4603	17181	
17974	abcettsatbffvtjhcpfd	20657	17974	6570	
12240	atyeoqdhbgdzrwujfxhd	20034	12240	18437	
7987	pfocwkjxlxabxwnzryjw	7215	7987	13248	
15693	wcjvxopebxukjubiednn	6123	15693	13587	
1261	wjttaqmfghsducozlmyt	14571	1261	10078	
1817	ohclkmjomgkzgiilkvkd	12524	1817	4571	
5634	fbrjwkkpjvhdgqwnipwr	20604	5634	12235	
1261	wjttaqmfghsducozlmyt	14571	1261	18959	
1019	yiaphufeqikzmesfkeaw	8575	1019	15690	
10214	sannrdpijpwjniqupaaj	12350	10214	13803	
1019	yiaphufeqikzmesfkeaw	8575	1019	6231	
10214	sannrdpijpwjniqupaaj	12350	10214	15056	
5546	skqpcvhrgonkhrdbvrtk	4105	5546	6298	
11190	lhxcmtpkfodqckpezrvx	4709	11190	13725	
3058	kpzmjsammdwkrwcqflkn	16847	3058	9556	
8242	fjwmdaxhwbgvcfxbnjva	14159	8242	16159	
10095	pbqlmbuvrvffoojdqrue	10287	10095	9697	
10504	kfxssizfhofyhhmwngyf	17543	10504	3103	
10095	pbqlmbuvrvffoojdqrue	10287	10095	1498	
3364	lzzgbnwzjixqdcabhfkb	16376	3364	15650	
17641	trdcjvzwsipkxpctzami	21076	17641	11818	
10504	kfxssizfhofyhhmwngyf	17543	10504	4076	
13805	mweybfpmbxwifyfivoov	20173	13805	12835	
7462	sttixonxuzqtikrbdqnz	22685	7462	7581	
11435	cunqgtjtibllfqmylkxt	11241	11435	16982	
1050	nsgwsswavfhilqlfdeal	39	1050	11394	
13805	mweybfpmbxwifyfivoov	20173	13805	8456	
786	mrhmyjugvyjcwddgsxfj	24293	786	12827	
19876	xfhizapczatuppisrxil	22453	19876	5024	
11659	mzltolxxguvzrfhogjbe	22429	11659	17950	
8154	cyfmzhizyurfuupwmrby	5575	8154	14516	
1090	wkskxmsfbmnudpjclmdx	21642	1090	2840	
6764	gjlatodhjbziggtspxir	13187	6764	7494	
5138	xdzkbnfwhmhuqckpqoog	23712	5138	10791	
4036	wcqjvlsjjpvcfpohaxjj	15153	4036	2925	
6764	gjlatodhjbziggtspxir	13187	6764	5081	
10027	jyzasxwekeqciggpoetb	3090	10027	9888	
19876	xfhizapczatuppisrxil	22453	19876	10102	
15782	kvlgmkhzgcdmcyzwcsnv	23153	15782	66	
16231	lxkesjmuzjtygdbmikjr	4477	16231	15871	
17321	oxafntcsqspqdiezvjdd	900	17321	14693	
16231	lxkesjmuzjtygdbmikjr	4477	16231	19395	
16236	sinrzrlfjjrpfcpselmx	2539	16236	10094	
3503	rtjymlumgcsgjxgwrlab	17069	3503	4734	
7408	mipsgkbzoipxplwjpqeh	3673	7408	19460	
11659	mzltolxxguvzrfhogjbe	22429	11659	18334	
15892	opamyqkaqjtjqyfhuzlt	10269	15892	12884	
4206	tsrmyiudserosglyvvcs	8702	4206	5803	
1090	wkskxmsfbmnudpjclmdx	21642	1090	17373	
6898	yjavpzlukmvszeeecagr	4144	6898	6572	
15782	kvlgmkhzgcdmcyzwcsnv	23153	15782	16078	
4967	zfgmlglaqpjactvzupcn	7073	4967	9391	
4967	zfgmlglaqpjactvzupcn	7073	4967	18508	
3014	sslcgbporyrcioipttin	4115	3014	3519	
6425	dgypvpxzswcdgglistkp	19989	6425	3662	
5626	byjjxkxhhsiqbwzbbglg	21385	5626	16234	
14355	hogzorqflyrkrzsankty	9891	14355	1124	
9515	uuuxufxrdfuojqnzegok	1745	9515	16051	
15688	ywyiapvnfedhqjpaxmds	1518	15688	2136	
10029	mjghyfosfibbkkumzdsx	11058	10029	16175	
13316	wakktjghbqxpfikireri	1187	13316	1228	
9515	uuuxufxrdfuojqnzegok	1745	9515	15800	
6680	gxliyvdufipupzubmvwf	24522	6680	12739	
16260	qmnlmfbwmdgzvtfdzgpl	24099	16260	15755	
4911	ddusssnmawqfazlhiwvc	20152	4911	7531	
14355	hogzorqflyrkrzsankty	9891	14355	18968	
9648	aklqdppfyesqbubsyojn	2513	9648	19977	
9648	aklqdppfyesqbubsyojn	2513	9648	6363	
9746	cxfbvpadlwiolnndgfve	11744	9746	7230	
300	mgiorcqwuobtjeddboiz	21302	300	7145	
4124	klufnmonpkmyuypdlyej	18136	4124	56	
4940	hzdpuhhngksqekxpkymb	24319	4940	6675	
2500	jewmynpgygzsjgahatgw	5547	2500	11479	
12634	hzulxczymunlallontrf	9134	12634	8101	
4940	hzdpuhhngksqekxpkymb	24319	4940	3331	
4940	hzdpuhhngksqekxpkymb	24319	4940	16516	
2500	jewmynpgygzsjgahatgw	5547	2500	282	
13709	ktjkpcqsplbegykwhkrw	23342	13709	13747	
12560	kniziudsogrgteguqocl	15384	12560	2905	
7037	yhwwsltmhvworguvgarg	10636	7037	19899	
939	zwmwijqcylyudszojiyt	4121	939	6816	
4940	hzdpuhhngksqekxpkymb	24319	4940	13573	
18054	pwizxynozblokfcefety	5743	18054	8087	
12634	hzulxczymunlallontrf	9134	12634	15043	
13709	ktjkpcqsplbegykwhkrw	23342	13709	13130	
19134	kdkfqwwxoaptiwgrrdgu	20339	19134	18621	
12634	hzulxczymunlallontrf	9134	12634	12647	
411	vexaenuhatqqxugzsgdv	8178	411	14864	
18554	edbyhmhzynrspoiaxxou	10051	18554	8221	
10196	abbwidjznbvtcttkayzh	6497	10196	16917	
14207	gfqqboiyfluwssksbccu	8647	14207	18026	
14250	whymnjoesfyuloytgcaq	23058	14250	5637	
16707	ihyhhyxepxikhfswwffj	20437	16707	3698	
18608	qkjvznepqlotvkarshir	24776	18608	9782	
18456	qphsnbjnbmexwkfvkfsr	6740	18456	14084	
5406	noqgdboozfqwjivshdqz	11105	5406	1044	
1230	yccvknpvgqqxjifdonwb	16035	1230	2340	
814	ehotjpatjnrqasyxqnay	9297	814	19514	
18895	tbtiwokvfgncjrkedvkr	7786	18895	5130	
18039	drtqcaoghczyskjewhhs	20316	18039	4906	
15475	pgockqrskncwztjfalrq	10124	15475	7958	
5168	rylzburuhrybfppyajtq	12275	5168	13175	
18895	tbtiwokvfgncjrkedvkr	7786	18895	11066	
3418	jfjatgyvzousrskcrbmr	14276	3418	2874	
13756	tkqzfgdbskmhefgbufar	11444	13756	16581	
17535	rxhcolbucqfcwjjwhfvo	20030	17535	15547	
210	hgokzwmovkgwnxnilkgs	23017	210	12448	
15899	lqafmhhlkzjljqolzsrq	3741	15899	3551	
18895	tbtiwokvfgncjrkedvkr	7786	18895	10298	
13216	lafktvwayxjlysnuafhb	14433	13216	5235	
69	macaxzzqpidehxfatszy	7040	69	19151	
18608	qkjvznepqlotvkarshir	24776	18608	10034	
12103	namztawobdsygznxorly	22321	12103	5268	
1738	oabmepjtucsimktxujuq	8453	1738	16963	
621	natpkcvpkmdhoogllgqy	2153	621	8355	
12298	nblokidbxslhtsutyovr	19127	12298	5036	
282	ktbomqeoeazhpvumhwxb	9094	282	3892	
5917	pecogjtlniwufwcsjwvh	14927	5917	11209	
12071	rcpnpvlmamcqwchshkni	8740	12071	16844	
9450	bcpbxmhhyevklvbjvwem	18269	9450	8044	
10230	pycgwincbaqlgsbbougj	16012	10230	1785	
6215	oyttszcrlugnothbduwm	7391	6215	13618	
9450	bcpbxmhhyevklvbjvwem	18269	9450	18592	
6605	znqzotttrsdikdbvmueq	24096	6605	14204	
7184	pwcrrhzfhrvokrkexluh	15962	7184	12224	
15891	fynmcwupxgndegcbyppe	3504	15891	11189	
18728	zawrpoadaqottokzojkj	17773	18728	4811	
6605	znqzotttrsdikdbvmueq	24096	6605	6022	
3735	yhxxjeasfitocjwvytfw	20105	3735	2600	
3904	iinfxcjozsjcvxmoopfr	22672	3904	17182	
17744	qgzfinrhgyzkyxdcgcoc	14561	17744	2491	
4194	cendosbqejasxrcvewck	13045	4194	13850	
10408	stwpqfbgppflruoqiivg	1092	10408	19199	
5727	vhucaewefvtcmrrmonfa	12360	5727	17301	
186	yquxobnytfmlxqdjmdpu	21569	186	12784	
4473	yamvzpidaouagdarlqse	23548	4473	7598	
3968	aapzcvvgjsxvkcfkplhu	19858	3968	3645	
3413	nowlazwthasfssgqspxq	18680	3413	9653	
1749	hwssuzjbsdyklliwhmgx	16891	1749	12145	
8675	zxedqkrnpspldubxdboo	21727	8675	7458	
8675	zxedqkrnpspldubxdboo	21727	8675	10588	
11496	doskymqtdezblzbbayfd	8381	11496	9932	
15249	cwdwdjqoiwvzjtotbskm	20549	15249	6699	
9187	galjnvzzjpmpmknikkxm	3060	9187	15970	
4473	yamvzpidaouagdarlqse	23548	4473	15052	
11017	zoqqformytptsiorltce	2965	11017	17585	
14929	qduqkiqhhcsacfqdznhz	22952	14929	15547	
973	fcgxrkrrswdqrfdryyrm	13538	973	9162	
7237	vcievunmllslaifekglj	2811	7237	9486	
10483	wtanvjuwlikmonwkqdnc	19506	10483	11700	
5428	aahbpygasjzclzzpgnny	13618	5428	14707	
13777	pjpqvhhsbbdkuwfcyfxr	12136	13777	17413	
18362	btndjppianuqhogfsutp	23436	18362	8676	
3476	fviqlwbgnmweiggmjknd	14191	3476	672	
3476	fviqlwbgnmweiggmjknd	14191	3476	18127	
2164	nbibfljogufmfqaebhfg	7147	2164	13525	
5746	gvcyrnzqecrelbsfiwbg	1278	5746	11653	
11815	mbssqcsikrkqobbappgo	2496	11815	13555	
7019	ynejxncruiitgfsbjprv	23005	7019	14559	
9819	ikszxqtcicqknxxjqcsh	13092	9819	11580	
13607	eoawuafcnnmbvoajvdgj	16168	13607	11971	
2164	nbibfljogufmfqaebhfg	7147	2164	3591	
18362	btndjppianuqhogfsutp	23436	18362	12703	
5652	yyivzvvqbmzdqwyvdsuh	3526	5652	12273	
6938	yybviorudajebhovlhjn	20677	6938	888	
19873	cquubavbveksrkcprlys	14667	19873	2902	
9819	ikszxqtcicqknxxjqcsh	13092	9819	1590	
11749	behxrsjtkenjrzrtuifz	9811	11749	388	
4898	qjezplcuedukricemlys	8550	4898	623	
13100	chgvjxyjaciwwbuhhdzw	2536	13100	2723	
13327	iyzzgwuwskcnbrxqsfaf	7057	13327	9502	
5791	mwxqobujldcfooeibzuj	23981	5791	8065	
9595	zdmmtnpilnggjfokvrmo	23535	9595	13035	
17939	gumrjmfeooawqnrjmvbi	11355	17939	6781	
9574	lmzlpprwilpqybrrmito	22631	9574	731	
18814	drmdyylvqevsuukajmnx	18797	18814	16859	
18294	mfvmfxgaxlyrgcbmvojs	2951	18294	6748	
3853	jtbbabnronbqizidaksh	22350	3853	1718	
17564	hoqbokofwcuyalhrbgcs	1586	17564	10987	
6997	hgitdxzkqhwtmleyxdoh	1661	6997	229	
8503	hfuajlxbumilvtkpuask	24247	8503	9527	
15297	dbctexnacfqdvdrbumif	18759	15297	6471	
4727	lhfzuzjpxhlhonlknqri	24825	4727	6842	
9452	vgqdfsqluvgszajkglee	13732	9452	14511	
8383	ycwfwnebhchtwytyagtx	8976	8383	2144	
19128	atdzoosthxttdymvkzno	7268	19128	14580	
6345	wocufdxrzktbrdmogvqo	20923	6345	15940	
6147	qvghafmroszbctvckgyl	5669	6147	16969	
3919	pxkpxridbhinfojitzdp	22288	3919	2477	
18721	etiarswnjckvwnghupyo	15760	18721	14078	
372	qxhitheomvqiycpupadf	12704	372	16526	
12385	ujaziupowerjqzzpxaqw	15794	12385	14296	
10624	cgtvabqtqtsdeizygfra	9660	10624	3791	
18695	vppoabkitntdxksboaif	13603	18695	3336	
6345	wocufdxrzktbrdmogvqo	20923	6345	4749	
3482	tkspitwrlrxuscmopchv	21275	3482	18937	
3842	gkilhlukhzeyhwablemq	7894	3842	216	
2221	bczizbvfunupbepydldy	334	2221	18235	
3887	cymswdfaemyyyavouxle	3405	3887	4661	
372	qxhitheomvqiycpupadf	12704	372	9940	
10695	epqcnwnnkbxwdhqyktlh	22617	10695	17241	
9003	hswckwbonricjhleoyjd	10459	9003	11056	
12574	rmoopwcvioyqryxvpxgw	3180	12574	5791	
8777	mjebiewqoyoytaflckbj	10295	8777	1292	
15130	qeyefnpsqkzefyfiwnbt	210	15130	19328	
11087	ertvrxxmgczzacnvpnjm	6847	11087	17455	
1448	ygzlqjvomjzkgphphstk	10834	1448	10444	
15353	phygjtbkywagejqwrlpx	5164	15353	13840	
4582	apgujbhpfswltnwliiat	17227	4582	2246	
12574	rmoopwcvioyqryxvpxgw	3180	12574	19959	
8324	vzdrcdthcyaameixljvp	3544	8324	2092	
15353	phygjtbkywagejqwrlpx	5164	15353	13382	
12574	rmoopwcvioyqryxvpxgw	3180	12574	15664	
6090	iuhiljhnzlbapuotugfi	1521	6090	7763	
8777	mjebiewqoyoytaflckbj	10295	8777	5543	
14067	ldfkujkecpinlztpffcf	20312	14067	16594	
8324	vzdrcdthcyaameixljvp	3544	8324	6213	
3796	znpordgvspywhwbhbitl	2553	3796	10931	
12574	rmoopwcvioyqryxvpxgw	3180	12574	3448	
14067	ldfkujkecpinlztpffcf	20312	14067	14549	
6172	rdoyvrxxpzkxakyrqdgu	11069	6172	16884	
17722	tdnpuptvnnfpvjltznec	13915	17722	82	
12574	rmoopwcvioyqryxvpxgw	3180	12574	8241	
7043	eelvsxlievxcqacrohxh	632	7043	4680	
19590	llnnjzmptinpuanvgpmi	18256	19590	14661	
14306	dxacykbjcgwvgagluzek	23369	14306	16133	
11087	ertvrxxmgczzacnvpnjm	6847	11087	2593	
327	gdyrzafatogsdzwcffvh	13981	327	19744	
2202	kfpzucfxdqqczjbujdbv	7297	2202	2981	
6928	kwbcaozehdhscoqpratb	2537	6928	6473	
13278	jwmzlbnkrtdwvyglozer	21279	13278	11328	
10397	hlwnhwjmvyhunvhmmxiw	24730	10397	17171	
19757	gjdvanesksuaqwfthkxd	10915	19757	7011	
10397	hlwnhwjmvyhunvhmmxiw	24730	10397	2570	
16331	gvewzfkluulnrchnclww	11596	16331	839	
169	vswwvhtuelwgiponhipl	21890	169	11588	
8260	rqhpuknplkiznlhutoqh	4527	8260	4620	
5545	efhvvseovaluyzlpycrx	24951	5545	13973	
3484	lyuecyzusuqgydrppurx	11361	3484	15399	
16331	gvewzfkluulnrchnclww	11596	16331	11477	
9933	iwpoepltlfltqsxszrpj	644	9933	16376	
16696	mmnbkanuaryehfnpeamf	21978	16696	18621	
7913	ksfcvqpffmpzmwhmhvpj	7732	7913	18935	
4793	xmwnutnfibpsbctndvej	15838	4793	14658	
12226	phwtbvmpqvicwvdldxni	12081	12226	12133	
5240	ewtnqracxhtnzzwrtoht	12847	5240	3819	
19161	lzmqhkjpnptztyfodwue	3362	19161	19030	
9995	nuwgydhlywjdyrtfgitq	13116	9995	6608	
16331	gvewzfkluulnrchnclww	11596	16331	4305	
10397	hlwnhwjmvyhunvhmmxiw	24730	10397	8499	
6928	kwbcaozehdhscoqpratb	2537	6928	6561	
19847	gsugmmjnslmardtddjlk	21529	19847	2685	
10465	fmbrtebtedcubnyaoqoa	19841	10465	2152	
17584	eekouwqbuazvttpubwhw	20623	17584	14784	